2018-04-18 08:52:03 pid:10252 Workerman[http_test.php] stopping ...
2018-04-18 08:52:03 pid:10252 Workerman[http_test.php] has been stopped
2018-04-18 08:58:00 pid:11240 Workerman[http_test.php] stopping ...
2018-04-18 08:58:00 pid:11240 Workerman[http_test.php] has been stopped
2018-04-18 08:58:08 pid:11257 Workerman[http_test.php] stopping ...
2018-04-18 08:58:08 pid:11257 Workerman[http_test.php] has been stopped
2018-04-18 14:26:26 pid:4362 Workerman[http_test.php] stopping ...
2018-04-18 14:26:26 pid:4362 Workerman[http_test.php] has been stopped
2018-04-18 14:53:37 pid:5231 Workerman[http_test.php] stopping ...
2018-04-18 14:53:37 pid:5231 Workerman[http_test.php] has been stopped
2018-04-18 15:08:56 pid:6186 Workerman[http_test.php] is stopping ...
2018-04-18 15:08:56 pid:6011 Workerman[http_test.php] stopping ...
2018-04-18 15:08:56 pid:6011 Workerman[http_test.php] has been stopped
2018-04-18 15:08:56 pid:6186 Workerman[http_test.php] stop success
2018-04-18 15:25:54 pid:6849 Workerman[http_test.php] not run
2018-04-18 15:25:58 pid:6852 Workerman[http_test.php] not run
2018-04-18 16:10:34 pid:11861 Workerman[http_test.php] not run
2018-04-18 16:10:38 pid:11863 Worker process terminated
2018-04-18 16:10:38 pid:11864 Worker process terminated
2018-04-18 16:10:38 pid:11865 Worker process terminated
2018-04-18 16:10:38 pid:11866 Worker process terminated
2018-04-18 16:10:38 pid:11867 Worker process terminated
2018-04-18 16:10:38 pid:11868 Worker process terminated
2018-04-18 16:10:38 pid:11869 Worker process terminated
2018-04-18 16:10:38 pid:11870 Worker process terminated
2018-04-18 16:10:38 pid:11871 Worker process terminated
2018-04-18 16:10:38 pid:11872 Worker process terminated
2018-04-18 16:10:38 pid:11873 Worker process terminated
2018-04-18 16:10:38 pid:11874 Worker process terminated
2018-04-18 16:10:38 pid:11875 Worker process terminated
2018-04-18 16:10:38 pid:11876 Worker process terminated
2018-04-18 16:10:38 pid:11877 Worker process terminated
2018-04-18 16:10:38 pid:11878 Worker process terminated
2018-04-18 16:10:38 pid:11879 Worker process terminated
2018-04-18 16:10:38 pid:11880 Worker process terminated
2018-04-18 16:10:38 pid:11881 Worker process terminated
2018-04-18 16:10:38 pid:11882 Worker process terminated
2018-04-18 16:10:38 pid:11883 Worker process terminated
2018-04-18 16:10:38 pid:11884 Worker process terminated
2018-04-18 16:10:38 pid:11885 Worker process terminated
2018-04-18 16:10:38 pid:11886 Worker process terminated
2018-04-18 16:10:38 pid:11887 Worker process terminated
2018-04-18 16:10:38 pid:11888 Worker process terminated
2018-04-18 16:10:38 pid:11889 Worker process terminated
2018-04-18 16:10:38 pid:11890 Worker process terminated
2018-04-18 16:10:38 pid:11891 Worker process terminated
2018-04-18 16:10:38 pid:11892 Worker process terminated
2018-04-18 16:10:38 pid:11893 Worker process terminated
2018-04-18 16:10:38 pid:11894 Worker process terminated
2018-04-18 16:10:38 pid:11895 Worker process terminated
2018-04-18 16:10:38 pid:11896 Worker process terminated
2018-04-18 16:10:38 pid:11897 Worker process terminated
2018-04-18 16:10:38 pid:11898 Worker process terminated
2018-04-18 16:10:38 pid:11899 Worker process terminated
2018-04-18 16:10:38 pid:11900 Worker process terminated
2018-04-18 16:10:38 pid:11901 Worker process terminated
2018-04-18 16:10:38 pid:11902 Worker process terminated
2018-04-18 16:10:38 pid:11903 Worker process terminated
2018-04-18 16:10:38 pid:11904 Worker process terminated
2018-04-18 16:10:38 pid:11905 Worker process terminated
2018-04-18 16:10:38 pid:11906 Worker process terminated
2018-04-18 16:10:38 pid:11907 Worker process terminated
2018-04-18 16:10:38 pid:11908 Worker process terminated
2018-04-18 16:10:38 pid:11909 Worker process terminated
2018-04-18 16:10:38 pid:11910 Worker process terminated
2018-04-18 16:10:38 pid:11911 Worker process terminated
2018-04-18 16:10:38 pid:11912 Worker process terminated
2018-04-18 16:10:38 pid:11913 Worker process terminated
2018-04-18 16:10:38 pid:11914 Worker process terminated
2018-04-18 16:10:38 pid:11915 Worker process terminated
2018-04-18 16:10:38 pid:11916 Worker process terminated
2018-04-18 16:10:38 pid:11917 Worker process terminated
2018-04-18 16:10:38 pid:11918 Worker process terminated
2018-04-18 16:10:38 pid:11919 Worker process terminated
2018-04-18 16:10:38 pid:11920 Worker process terminated
2018-04-18 16:10:38 pid:11921 Worker process terminated
2018-04-18 16:10:38 pid:11922 Worker process terminated
2018-04-18 16:10:38 pid:11923 Worker process terminated
2018-04-18 16:10:38 pid:11924 Worker process terminated
2018-04-18 16:10:38 pid:11925 Worker process terminated
2018-04-18 16:10:38 pid:11926 Worker process terminated
2018-04-18 16:10:38 pid:11927 Worker process terminated
2018-04-18 16:10:38 pid:11928 Worker process terminated
2018-04-18 16:10:38 pid:11929 Worker process terminated
2018-04-18 16:10:38 pid:11930 Worker process terminated
2018-04-18 16:10:38 pid:11931 Worker process terminated
2018-04-18 16:10:38 pid:11932 Worker process terminated
2018-04-18 16:10:38 pid:11933 Worker process terminated
2018-04-18 16:10:38 pid:11934 Worker process terminated
2018-04-18 16:10:38 pid:11935 Worker process terminated
2018-04-18 16:10:38 pid:11936 Worker process terminated
2018-04-18 16:10:38 pid:11937 Worker process terminated
2018-04-18 16:10:38 pid:11938 Worker process terminated
2018-04-18 16:10:38 pid:11939 Worker process terminated
2018-04-18 16:10:38 pid:11940 Worker process terminated
2018-04-18 16:10:38 pid:11941 Worker process terminated
2018-04-18 16:10:38 pid:11942 Worker process terminated
2018-04-18 16:10:38 pid:11943 Worker process terminated
2018-04-18 16:10:38 pid:11944 Worker process terminated
2018-04-18 16:10:38 pid:11945 Worker process terminated
2018-04-18 16:10:38 pid:11946 Worker process terminated
2018-04-18 16:10:38 pid:11947 Worker process terminated
2018-04-18 16:10:38 pid:11948 Worker process terminated
2018-04-18 16:10:38 pid:11949 Worker process terminated
2018-04-18 16:10:38 pid:11950 Worker process terminated
2018-04-18 16:10:38 pid:11951 Worker process terminated
2018-04-18 16:10:38 pid:11952 Worker process terminated
2018-04-18 16:10:38 pid:11953 Worker process terminated
2018-04-18 16:10:38 pid:11954 Worker process terminated
2018-04-18 16:10:38 pid:11955 Worker process terminated
2018-04-18 16:10:38 pid:11956 Worker process terminated
2018-04-18 16:10:38 pid:11957 Worker process terminated
2018-04-18 16:10:38 pid:11958 Worker process terminated
2018-04-18 16:10:38 pid:11959 Worker process terminated
2018-04-18 16:10:38 pid:11960 Worker process terminated
2018-04-18 16:10:38 pid:11961 Worker process terminated
2018-04-18 16:10:38 pid:11962 Worker process terminated
2018-04-18 16:10:38 pid:11963 Worker process terminated
2018-04-18 16:10:38 pid:11964 Worker process terminated
2018-04-18 16:10:38 pid:11965 Worker process terminated
2018-04-18 16:10:38 pid:11966 Worker process terminated
2018-04-18 16:10:38 pid:11967 Worker process terminated
2018-04-18 16:10:38 pid:11968 Worker process terminated
2018-04-18 16:10:38 pid:11969 Worker process terminated
2018-04-18 16:10:38 pid:11970 Worker process terminated
2018-04-18 16:10:38 pid:11971 Worker process terminated
2018-04-18 16:10:38 pid:11972 Worker process terminated
2018-04-18 16:10:38 pid:11973 Worker process terminated
2018-04-18 16:10:38 pid:11974 Worker process terminated
2018-04-18 16:10:38 pid:11975 Worker process terminated
2018-04-18 16:10:38 pid:11976 Worker process terminated
2018-04-18 16:10:38 pid:11977 Worker process terminated
2018-04-18 16:10:38 pid:11978 Worker process terminated
2018-04-18 16:10:38 pid:11979 Worker process terminated
2018-04-18 16:10:38 pid:11980 Worker process terminated
2018-04-18 16:10:38 pid:11981 Worker process terminated
2018-04-18 16:10:38 pid:11982 Worker process terminated
2018-04-18 16:10:38 pid:11983 Worker process terminated
2018-04-18 16:10:38 pid:11984 Worker process terminated
2018-04-18 16:10:38 pid:11985 Worker process terminated
2018-04-18 16:10:38 pid:11986 Worker process terminated
2018-04-18 16:10:38 pid:11987 Worker process terminated
2018-04-18 16:10:38 pid:11988 Worker process terminated
2018-04-18 16:10:38 pid:11989 Worker process terminated
2018-04-18 16:10:38 pid:11990 Worker process terminated
2018-04-18 16:10:38 pid:11991 Worker process terminated
2018-04-18 16:10:38 pid:11992 Worker process terminated
2018-04-18 16:10:38 pid:11993 Worker process terminated
2018-04-18 16:10:38 pid:11994 Worker process terminated
2018-04-18 16:10:38 pid:11995 Worker process terminated
2018-04-18 16:10:38 pid:11996 Worker process terminated
2018-04-18 16:10:38 pid:11997 Worker process terminated
2018-04-18 16:10:38 pid:11998 Worker process terminated
2018-04-18 16:10:38 pid:11999 Worker process terminated
2018-04-18 16:10:38 pid:12000 Worker process terminated
2018-04-18 16:10:38 pid:12001 Worker process terminated
2018-04-18 16:10:38 pid:12002 Worker process terminated
2018-04-18 16:10:38 pid:12003 Worker process terminated
2018-04-18 16:10:38 pid:12004 Worker process terminated
2018-04-18 16:10:38 pid:12005 Worker process terminated
2018-04-18 16:10:38 pid:12006 Worker process terminated
2018-04-18 16:10:38 pid:12007 Worker process terminated
2018-04-18 16:10:38 pid:12008 Worker process terminated
2018-04-18 16:10:38 pid:12009 Worker process terminated
2018-04-18 16:10:38 pid:12010 Worker process terminated
2018-04-18 16:10:38 pid:12011 Worker process terminated
2018-04-18 16:10:38 pid:12012 Worker process terminated
2018-04-18 16:10:38 pid:12013 Worker process terminated
2018-04-18 16:10:38 pid:12014 Worker process terminated
2018-04-18 16:10:38 pid:12015 Worker process terminated
2018-04-18 16:10:38 pid:12016 Worker process terminated
2018-04-18 16:10:38 pid:12017 Worker process terminated
2018-04-18 16:10:38 pid:12018 Worker process terminated
2018-04-18 16:10:38 pid:12019 Worker process terminated
2018-04-18 16:10:38 pid:12020 Worker process terminated
2018-04-18 16:10:38 pid:12021 Worker process terminated
2018-04-18 16:10:38 pid:12022 Worker process terminated
2018-04-18 16:10:38 pid:12023 Worker process terminated
2018-04-18 16:10:38 pid:12024 Worker process terminated
2018-04-18 16:10:38 pid:12025 Worker process terminated
2018-04-18 16:10:38 pid:12026 Worker process terminated
2018-04-18 16:10:38 pid:12027 Worker process terminated
2018-04-18 16:10:38 pid:12028 Worker process terminated
2018-04-18 16:10:38 pid:12029 Worker process terminated
2018-04-18 16:10:38 pid:12030 Worker process terminated
2018-04-18 16:10:38 pid:12031 Worker process terminated
2018-04-18 16:10:38 pid:12032 Worker process terminated
2018-04-18 16:10:38 pid:12033 Worker process terminated
2018-04-18 16:10:38 pid:12034 Worker process terminated
2018-04-18 16:10:38 pid:12035 Worker process terminated
2018-04-18 16:10:38 pid:12036 Worker process terminated
2018-04-18 16:10:38 pid:12037 Worker process terminated
2018-04-18 16:10:38 pid:12038 Worker process terminated
2018-04-18 16:10:38 pid:12039 Worker process terminated
2018-04-18 16:10:38 pid:12040 Worker process terminated
2018-04-18 16:10:39 pid:12041 Worker process terminated
2018-04-18 16:10:39 pid:12042 Worker process terminated
2018-04-18 16:10:39 pid:12043 Worker process terminated
2018-04-18 16:10:39 pid:12044 Worker process terminated
2018-04-18 16:10:39 pid:12045 Worker process terminated
2018-04-18 16:10:39 pid:12046 Worker process terminated
2018-04-18 16:10:39 pid:12047 Worker process terminated
2018-04-18 16:10:39 pid:12048 Worker process terminated
2018-04-18 16:10:39 pid:12049 Worker process terminated
2018-04-18 16:10:39 pid:12050 Worker process terminated
2018-04-18 16:10:39 pid:12051 Worker process terminated
2018-04-18 16:10:39 pid:12052 Worker process terminated
2018-04-18 16:10:39 pid:12053 Worker process terminated
2018-04-18 16:10:39 pid:12054 Worker process terminated
2018-04-18 16:10:39 pid:12055 Worker process terminated
2018-04-18 16:10:39 pid:12056 Worker process terminated
2018-04-18 16:10:39 pid:12057 Worker process terminated
2018-04-18 16:10:39 pid:12058 Worker process terminated
2018-04-18 16:10:39 pid:12059 Worker process terminated
2018-04-18 16:10:39 pid:12060 Worker process terminated
2018-04-18 16:10:39 pid:12061 Worker process terminated
2018-04-18 16:10:39 pid:12062 Worker process terminated
2018-04-18 16:10:39 pid:12063 Worker process terminated
2018-04-18 16:10:39 pid:12064 Worker process terminated
2018-04-18 16:10:39 pid:12065 Worker process terminated
2018-04-18 16:10:39 pid:12066 Worker process terminated
2018-04-18 16:10:39 pid:12067 Worker process terminated
2018-04-18 16:10:39 pid:12068 Worker process terminated
2018-04-18 16:10:39 pid:12069 Worker process terminated
2018-04-18 16:10:39 pid:12070 Worker process terminated
2018-04-18 16:10:39 pid:12071 Worker process terminated
2018-04-18 16:10:39 pid:12072 Worker process terminated
2018-04-18 16:10:39 pid:12073 Worker process terminated
2018-04-18 16:10:39 pid:12074 Worker process terminated
2018-04-18 16:10:39 pid:12075 Worker process terminated
2018-04-18 16:10:39 pid:12076 Worker process terminated
2018-04-18 16:10:39 pid:12077 Worker process terminated
2018-04-18 16:10:39 pid:12078 Worker process terminated
2018-04-18 16:10:39 pid:12079 Worker process terminated
2018-04-18 16:10:39 pid:12080 Worker process terminated
2018-04-18 16:10:39 pid:12081 Worker process terminated
2018-04-18 16:10:39 pid:12082 Worker process terminated
2018-04-18 16:10:39 pid:12083 Worker process terminated
2018-04-18 16:10:39 pid:12084 Worker process terminated
2018-04-18 16:10:39 pid:12085 Worker process terminated
2018-04-18 16:10:39 pid:12086 Worker process terminated
2018-04-18 16:10:39 pid:12087 Worker process terminated
2018-04-18 16:10:39 pid:12088 Worker process terminated
2018-04-18 16:10:39 pid:12089 Worker process terminated
2018-04-18 16:10:39 pid:12090 Worker process terminated
2018-04-18 16:10:39 pid:12091 Worker process terminated
2018-04-18 16:10:39 pid:12092 Worker process terminated
2018-04-18 16:10:39 pid:12093 Worker process terminated
2018-04-18 16:10:39 pid:12094 Worker process terminated
2018-04-18 16:10:39 pid:12095 Worker process terminated
2018-04-18 16:10:39 pid:12096 Worker process terminated
2018-04-18 16:10:39 pid:12097 Worker process terminated
2018-04-18 16:10:39 pid:12098 Worker process terminated
2018-04-18 16:10:39 pid:12099 Worker process terminated
2018-04-18 16:10:39 pid:12100 Worker process terminated
2018-04-18 16:10:39 pid:12101 Worker process terminated
2018-04-18 16:10:39 pid:12102 Worker process terminated
2018-04-18 16:10:39 pid:12103 Worker process terminated
2018-04-18 16:10:39 pid:12104 Worker process terminated
2018-04-18 16:10:39 pid:12105 Worker process terminated
2018-04-18 16:10:39 pid:12106 Worker process terminated
2018-04-18 16:10:39 pid:12107 Worker process terminated
2018-04-18 16:10:39 pid:12108 Worker process terminated
2018-04-18 16:10:39 pid:12109 Worker process terminated
2018-04-18 16:10:39 pid:12110 Worker process terminated
2018-04-18 16:10:39 pid:12111 Worker process terminated
2018-04-18 16:10:39 pid:12112 Worker process terminated
2018-04-18 16:10:39 pid:12113 Worker process terminated
2018-04-18 16:10:39 pid:12114 Worker process terminated
2018-04-18 16:10:39 pid:12115 Worker process terminated
2018-04-18 16:10:39 pid:12116 Worker process terminated
2018-04-18 16:10:39 pid:12117 Worker process terminated
2018-04-18 16:10:39 pid:12118 Worker process terminated
2018-04-18 16:10:39 pid:12119 Worker process terminated
2018-04-18 16:10:39 pid:12120 Worker process terminated
2018-04-18 16:10:39 pid:12121 Worker process terminated
2018-04-18 16:10:39 pid:12122 Worker process terminated
2018-04-18 16:10:39 pid:12123 Worker process terminated
2018-04-18 16:10:39 pid:12124 Worker process terminated
2018-04-18 16:10:39 pid:12125 Worker process terminated
2018-04-18 16:10:39 pid:12126 Worker process terminated
2018-04-18 16:10:39 pid:12127 Worker process terminated
2018-04-18 16:10:39 pid:12128 Worker process terminated
2018-04-18 16:10:39 pid:12129 Worker process terminated
2018-04-18 16:10:39 pid:12130 Worker process terminated
2018-04-18 16:10:39 pid:12131 Worker process terminated
2018-04-18 16:10:39 pid:12132 Worker process terminated
2018-04-18 16:10:39 pid:12133 Worker process terminated
2018-04-18 16:10:39 pid:12134 Worker process terminated
2018-04-18 16:10:39 pid:12135 Worker process terminated
2018-04-18 16:10:39 pid:12136 Worker process terminated
2018-04-18 16:10:39 pid:12137 Worker process terminated
2018-04-18 16:10:39 pid:12138 Worker process terminated
2018-04-18 16:10:39 pid:12139 Worker process terminated
2018-04-18 16:10:39 pid:12140 Worker process terminated
2018-04-18 16:10:39 pid:12141 Worker process terminated
2018-04-18 16:10:39 pid:11862 Workerman[http_test.php] stopping ...
2018-04-18 16:10:39 pid:12143 Worker process terminated
2018-04-18 16:10:39 pid:11862 Workerman[http_test.php] has been stopped
2018-04-18 16:11:03 pid:12155 Worker process terminated
2018-04-18 16:11:03 pid:12156 Worker process terminated
2018-04-18 16:11:03 pid:12157 Worker process terminated
2018-04-18 16:11:03 pid:12158 Worker process terminated
2018-04-18 16:11:03 pid:12159 Worker process terminated
2018-04-18 16:11:03 pid:12160 Worker process terminated
2018-04-18 16:11:03 pid:12161 Worker process terminated
2018-04-18 16:11:03 pid:12162 Worker process terminated
2018-04-18 16:11:03 pid:12163 Worker process terminated
2018-04-18 16:11:03 pid:12164 Worker process terminated
2018-04-18 16:11:03 pid:12165 Worker process terminated
2018-04-18 16:11:03 pid:12166 Worker process terminated
2018-04-18 16:11:03 pid:12167 Worker process terminated
2018-04-18 16:11:03 pid:12168 Worker process terminated
2018-04-18 16:11:03 pid:12169 Worker process terminated
2018-04-18 16:11:03 pid:12170 Worker process terminated
2018-04-18 16:11:03 pid:12171 Worker process terminated
2018-04-18 16:11:03 pid:12172 Worker process terminated
2018-04-18 16:11:03 pid:12173 Worker process terminated
2018-04-18 16:11:03 pid:12174 Worker process terminated
2018-04-18 16:11:03 pid:12175 Worker process terminated
2018-04-18 16:11:03 pid:12176 Worker process terminated
2018-04-18 16:11:03 pid:12177 Worker process terminated
2018-04-18 16:11:03 pid:12178 Worker process terminated
2018-04-18 16:11:03 pid:12179 Worker process terminated
2018-04-18 16:11:03 pid:12180 Worker process terminated
2018-04-18 16:11:03 pid:12181 Worker process terminated
2018-04-18 16:11:03 pid:12182 Worker process terminated
2018-04-18 16:11:03 pid:12183 Worker process terminated
2018-04-18 16:11:03 pid:12184 Worker process terminated
2018-04-18 16:11:03 pid:12185 Worker process terminated
2018-04-18 16:11:03 pid:12186 Worker process terminated
2018-04-18 16:11:03 pid:12187 Worker process terminated
2018-04-18 16:11:03 pid:12188 Worker process terminated
2018-04-18 16:11:03 pid:12189 Worker process terminated
2018-04-18 16:11:03 pid:12190 Worker process terminated
2018-04-18 16:11:03 pid:12191 Worker process terminated
2018-04-18 16:11:03 pid:12192 Worker process terminated
2018-04-18 16:11:03 pid:12193 Worker process terminated
2018-04-18 16:11:03 pid:12194 Worker process terminated
2018-04-18 16:11:03 pid:12195 Worker process terminated
2018-04-18 16:11:03 pid:12196 Worker process terminated
2018-04-18 16:11:03 pid:12197 Worker process terminated
2018-04-18 16:11:03 pid:12198 Worker process terminated
2018-04-18 16:11:03 pid:12199 Worker process terminated
2018-04-18 16:11:03 pid:12200 Worker process terminated
2018-04-18 16:11:03 pid:12201 Worker process terminated
2018-04-18 16:11:03 pid:12202 Worker process terminated
2018-04-18 16:11:03 pid:12203 Worker process terminated
2018-04-18 16:11:03 pid:12204 Worker process terminated
2018-04-18 16:11:03 pid:12205 Worker process terminated
2018-04-18 16:11:03 pid:12206 Worker process terminated
2018-04-18 16:11:03 pid:12207 Worker process terminated
2018-04-18 16:11:03 pid:12208 Worker process terminated
2018-04-18 16:11:03 pid:12209 Worker process terminated
2018-04-18 16:11:03 pid:12210 Worker process terminated
2018-04-18 16:11:03 pid:12211 Worker process terminated
2018-04-18 16:11:03 pid:12212 Worker process terminated
2018-04-18 16:11:03 pid:12213 Worker process terminated
2018-04-18 16:11:03 pid:12214 Worker process terminated
2018-04-18 16:11:03 pid:12215 Worker process terminated
2018-04-18 16:11:03 pid:12216 Worker process terminated
2018-04-18 16:11:03 pid:12217 Worker process terminated
2018-04-18 16:11:03 pid:12218 Worker process terminated
2018-04-18 16:11:03 pid:12219 Worker process terminated
2018-04-18 16:11:03 pid:12220 Worker process terminated
2018-04-18 16:11:03 pid:12221 Worker process terminated
2018-04-18 16:11:03 pid:12222 Worker process terminated
2018-04-18 16:11:03 pid:12223 Worker process terminated
2018-04-18 16:11:03 pid:12224 Worker process terminated
2018-04-18 16:11:03 pid:12225 Worker process terminated
2018-04-18 16:11:03 pid:12226 Worker process terminated
2018-04-18 16:11:03 pid:12227 Worker process terminated
2018-04-18 16:11:03 pid:12228 Worker process terminated
2018-04-18 16:11:03 pid:12229 Worker process terminated
2018-04-18 16:11:03 pid:12230 Worker process terminated
2018-04-18 16:11:03 pid:12231 Worker process terminated
2018-04-18 16:11:03 pid:12232 Worker process terminated
2018-04-18 16:11:03 pid:12233 Worker process terminated
2018-04-18 16:11:03 pid:12234 Worker process terminated
2018-04-18 16:11:03 pid:12235 Worker process terminated
2018-04-18 16:11:03 pid:12236 Worker process terminated
2018-04-18 16:11:03 pid:12237 Worker process terminated
2018-04-18 16:11:03 pid:12238 Worker process terminated
2018-04-18 16:11:03 pid:12239 Worker process terminated
2018-04-18 16:11:03 pid:12240 Worker process terminated
2018-04-18 16:11:03 pid:12241 Worker process terminated
2018-04-18 16:11:03 pid:12242 Worker process terminated
2018-04-18 16:11:03 pid:12243 Worker process terminated
2018-04-18 16:11:03 pid:12244 Worker process terminated
2018-04-18 16:11:03 pid:12245 Worker process terminated
2018-04-18 16:11:03 pid:12246 Worker process terminated
2018-04-18 16:11:03 pid:12247 Worker process terminated
2018-04-18 16:11:03 pid:12248 Worker process terminated
2018-04-18 16:11:03 pid:12249 Worker process terminated
2018-04-18 16:11:03 pid:12250 Worker process terminated
2018-04-18 16:11:03 pid:12251 Worker process terminated
2018-04-18 16:11:03 pid:12252 Worker process terminated
2018-04-18 16:11:03 pid:12253 Worker process terminated
2018-04-18 16:11:03 pid:12254 Worker process terminated
2018-04-18 16:11:03 pid:12255 Worker process terminated
2018-04-18 16:11:03 pid:12256 Worker process terminated
2018-04-18 16:11:03 pid:12257 Worker process terminated
2018-04-18 16:11:03 pid:12258 Worker process terminated
2018-04-18 16:11:03 pid:12259 Worker process terminated
2018-04-18 16:11:03 pid:12260 Worker process terminated
2018-04-18 16:11:03 pid:12261 Worker process terminated
2018-04-18 16:11:03 pid:12262 Worker process terminated
2018-04-18 16:11:03 pid:12263 Worker process terminated
2018-04-18 16:11:03 pid:12264 Worker process terminated
2018-04-18 16:11:03 pid:12265 Worker process terminated
2018-04-18 16:11:03 pid:12266 Worker process terminated
2018-04-18 16:11:03 pid:12267 Worker process terminated
2018-04-18 16:11:03 pid:12268 Worker process terminated
2018-04-18 16:11:03 pid:12269 Worker process terminated
2018-04-18 16:11:03 pid:12270 Worker process terminated
2018-04-18 16:11:03 pid:12271 Worker process terminated
2018-04-18 16:11:03 pid:12272 Worker process terminated
2018-04-18 16:11:03 pid:12273 Worker process terminated
2018-04-18 16:11:03 pid:12274 Worker process terminated
2018-04-18 16:11:03 pid:12275 Worker process terminated
2018-04-18 16:11:03 pid:12276 Worker process terminated
2018-04-18 16:11:03 pid:12277 Worker process terminated
2018-04-18 16:11:03 pid:12278 Worker process terminated
2018-04-18 16:11:03 pid:12279 Worker process terminated
2018-04-18 16:11:03 pid:12280 Worker process terminated
2018-04-18 16:11:03 pid:12281 Worker process terminated
2018-04-18 16:11:03 pid:12282 Worker process terminated
2018-04-18 16:11:03 pid:12283 Worker process terminated
2018-04-18 16:11:03 pid:12284 Worker process terminated
2018-04-18 16:11:03 pid:12285 Worker process terminated
2018-04-18 16:11:03 pid:12286 Worker process terminated
2018-04-18 16:11:03 pid:12287 Worker process terminated
2018-04-18 16:11:03 pid:12288 Worker process terminated
2018-04-18 16:11:03 pid:12289 Worker process terminated
2018-04-18 16:11:03 pid:12290 Worker process terminated
2018-04-18 16:11:03 pid:12291 Worker process terminated
2018-04-18 16:11:03 pid:12292 Worker process terminated
2018-04-18 16:11:03 pid:12293 Worker process terminated
2018-04-18 16:11:03 pid:12294 Worker process terminated
2018-04-18 16:11:03 pid:12295 Worker process terminated
2018-04-18 16:11:03 pid:12296 Worker process terminated
2018-04-18 16:11:03 pid:12297 Worker process terminated
2018-04-18 16:11:03 pid:12298 Worker process terminated
2018-04-18 16:11:03 pid:12299 Worker process terminated
2018-04-18 16:11:03 pid:12300 Worker process terminated
2018-04-18 16:11:03 pid:12301 Worker process terminated
2018-04-18 16:11:03 pid:12302 Worker process terminated
2018-04-18 16:11:03 pid:12303 Worker process terminated
2018-04-18 16:11:03 pid:12304 Worker process terminated
2018-04-18 16:11:03 pid:12305 Worker process terminated
2018-04-18 16:11:03 pid:12306 Worker process terminated
2018-04-18 16:11:03 pid:12307 Worker process terminated
2018-04-18 16:11:03 pid:12308 Worker process terminated
2018-04-18 16:11:03 pid:12309 Worker process terminated
2018-04-18 16:11:03 pid:12310 Worker process terminated
2018-04-18 16:11:03 pid:12311 Worker process terminated
2018-04-18 16:11:03 pid:12312 Worker process terminated
2018-04-18 16:11:03 pid:12313 Worker process terminated
2018-04-18 16:11:03 pid:12314 Worker process terminated
2018-04-18 16:11:03 pid:12315 Worker process terminated
2018-04-18 16:11:03 pid:12316 Worker process terminated
2018-04-18 16:11:03 pid:12317 Worker process terminated
2018-04-18 16:11:03 pid:12318 Worker process terminated
2018-04-18 16:11:03 pid:12319 Worker process terminated
2018-04-18 16:11:03 pid:12320 Worker process terminated
2018-04-18 16:11:03 pid:12321 Worker process terminated
2018-04-18 16:11:03 pid:12322 Worker process terminated
2018-04-18 16:11:03 pid:12323 Worker process terminated
2018-04-18 16:11:03 pid:12324 Worker process terminated
2018-04-18 16:11:03 pid:12325 Worker process terminated
2018-04-18 16:11:03 pid:12326 Worker process terminated
2018-04-18 16:11:03 pid:12327 Worker process terminated
2018-04-18 16:11:03 pid:12328 Worker process terminated
2018-04-18 16:11:03 pid:12329 Worker process terminated
2018-04-18 16:11:03 pid:12330 Worker process terminated
2018-04-18 16:11:03 pid:12331 Worker process terminated
2018-04-18 16:11:03 pid:12332 Worker process terminated
2018-04-18 16:11:03 pid:12333 Worker process terminated
2018-04-18 16:11:03 pid:12334 Worker process terminated
2018-04-18 16:11:03 pid:12335 Worker process terminated
2018-04-18 16:11:03 pid:12336 Worker process terminated
2018-04-18 16:11:03 pid:12337 Worker process terminated
2018-04-18 16:11:03 pid:12338 Worker process terminated
2018-04-18 16:11:03 pid:12339 Worker process terminated
2018-04-18 16:11:03 pid:12340 Worker process terminated
2018-04-18 16:11:03 pid:12341 Worker process terminated
2018-04-18 16:11:03 pid:12342 Worker process terminated
2018-04-18 16:11:03 pid:12343 Worker process terminated
2018-04-18 16:11:03 pid:12344 Worker process terminated
2018-04-18 16:11:03 pid:12345 Worker process terminated
2018-04-18 16:11:03 pid:12346 Worker process terminated
2018-04-18 16:11:03 pid:12347 Worker process terminated
2018-04-18 16:11:03 pid:12348 Worker process terminated
2018-04-18 16:11:03 pid:12349 Worker process terminated
2018-04-18 16:11:03 pid:12350 Worker process terminated
2018-04-18 16:11:03 pid:12351 Worker process terminated
2018-04-18 16:11:03 pid:12352 Worker process terminated
2018-04-18 16:11:03 pid:12353 Worker process terminated
2018-04-18 16:11:03 pid:12354 Worker process terminated
2018-04-18 16:11:03 pid:12355 Worker process terminated
2018-04-18 16:11:03 pid:12356 Worker process terminated
2018-04-18 16:11:03 pid:12357 Worker process terminated
2018-04-18 16:11:03 pid:12358 Worker process terminated
2018-04-18 16:11:03 pid:12359 Worker process terminated
2018-04-18 16:11:03 pid:12360 Worker process terminated
2018-04-18 16:11:03 pid:12361 Worker process terminated
2018-04-18 16:11:03 pid:12362 Worker process terminated
2018-04-18 16:11:03 pid:12363 Worker process terminated
2018-04-18 16:11:03 pid:12364 Worker process terminated
2018-04-18 16:11:03 pid:12365 Worker process terminated
2018-04-18 16:11:03 pid:12366 Worker process terminated
2018-04-18 16:11:03 pid:12367 Worker process terminated
2018-04-18 16:11:03 pid:12368 Worker process terminated
2018-04-18 16:11:03 pid:12369 Worker process terminated
2018-04-18 16:11:03 pid:12370 Worker process terminated
2018-04-18 16:11:03 pid:12371 Worker process terminated
2018-04-18 16:11:03 pid:12372 Worker process terminated
2018-04-18 16:11:03 pid:12373 Worker process terminated
2018-04-18 16:11:03 pid:12374 Worker process terminated
2018-04-18 16:11:03 pid:12375 Worker process terminated
2018-04-18 16:11:04 pid:12376 Worker process terminated
2018-04-18 16:11:04 pid:12377 Worker process terminated
2018-04-18 16:11:04 pid:12378 Worker process terminated
2018-04-18 16:11:04 pid:12379 Worker process terminated
2018-04-18 16:11:04 pid:12380 Worker process terminated
2018-04-18 16:11:04 pid:12381 Worker process terminated
2018-04-18 16:11:04 pid:12382 Worker process terminated
2018-04-18 16:11:04 pid:12383 Worker process terminated
2018-04-18 16:11:04 pid:12384 Worker process terminated
2018-04-18 16:11:04 pid:12385 Worker process terminated
2018-04-18 16:11:04 pid:12386 Worker process terminated
2018-04-18 16:11:04 pid:12387 Worker process terminated
2018-04-18 16:11:04 pid:12388 Worker process terminated
2018-04-18 16:11:04 pid:12389 Worker process terminated
2018-04-18 16:11:04 pid:12390 Worker process terminated
2018-04-18 16:11:04 pid:12391 Worker process terminated
2018-04-18 16:11:04 pid:12392 Worker process terminated
2018-04-18 16:11:04 pid:12393 Worker process terminated
2018-04-18 16:11:04 pid:12394 Worker process terminated
2018-04-18 16:11:04 pid:12395 Worker process terminated
2018-04-18 16:11:04 pid:12396 Worker process terminated
2018-04-18 16:11:04 pid:12397 Worker process terminated
2018-04-18 16:11:04 pid:12398 Worker process terminated
2018-04-18 16:11:04 pid:12399 Worker process terminated
2018-04-18 16:11:04 pid:12400 Worker process terminated
2018-04-18 16:11:04 pid:12401 Worker process terminated
2018-04-18 16:11:04 pid:12402 Worker process terminated
2018-04-18 16:11:04 pid:12403 Worker process terminated
2018-04-18 16:11:04 pid:12404 Worker process terminated
2018-04-18 16:11:04 pid:12405 Worker process terminated
2018-04-18 16:11:04 pid:12406 Worker process terminated
2018-04-18 16:11:04 pid:12407 Worker process terminated
2018-04-18 16:11:04 pid:12408 Worker process terminated
2018-04-18 16:11:04 pid:12409 Worker process terminated
2018-04-18 16:11:04 pid:12154 Workerman[http_test.php] stopping ...
2018-04-18 16:11:04 pid:12410 Worker process terminated
2018-04-18 16:11:04 pid:12154 Workerman[http_test.php] has been stopped
2018-04-18 16:11:15 pid:12418 Worker process terminated
2018-04-18 16:11:15 pid:12419 Worker process terminated
2018-04-18 16:11:15 pid:12420 Worker process terminated
2018-04-18 16:11:15 pid:12421 Worker process terminated
2018-04-18 16:11:15 pid:12422 Worker process terminated
2018-04-18 16:11:15 pid:12423 Worker process terminated
2018-04-18 16:11:15 pid:12424 Worker process terminated
2018-04-18 16:11:15 pid:12425 Worker process terminated
2018-04-18 16:11:15 pid:12426 Worker process terminated
2018-04-18 16:11:15 pid:12427 Worker process terminated
2018-04-18 16:11:15 pid:12428 Worker process terminated
2018-04-18 16:11:15 pid:12429 Worker process terminated
2018-04-18 16:11:15 pid:12430 Worker process terminated
2018-04-18 16:11:15 pid:12431 Worker process terminated
2018-04-18 16:11:15 pid:12432 Worker process terminated
2018-04-18 16:11:15 pid:12433 Worker process terminated
2018-04-18 16:11:15 pid:12434 Worker process terminated
2018-04-18 16:11:15 pid:12435 Worker process terminated
2018-04-18 16:11:15 pid:12436 Worker process terminated
2018-04-18 16:11:15 pid:12437 Worker process terminated
2018-04-18 16:11:15 pid:12438 Worker process terminated
2018-04-18 16:11:15 pid:12439 Worker process terminated
2018-04-18 16:11:15 pid:12440 Worker process terminated
2018-04-18 16:11:15 pid:12441 Worker process terminated
2018-04-18 16:11:15 pid:12442 Worker process terminated
2018-04-18 16:11:15 pid:12443 Worker process terminated
2018-04-18 16:11:15 pid:12444 Worker process terminated
2018-04-18 16:11:15 pid:12445 Worker process terminated
2018-04-18 16:11:15 pid:12446 Worker process terminated
2018-04-18 16:11:15 pid:12447 Worker process terminated
2018-04-18 16:11:15 pid:12448 Worker process terminated
2018-04-18 16:11:15 pid:12449 Worker process terminated
2018-04-18 16:11:15 pid:12450 Worker process terminated
2018-04-18 16:11:15 pid:12451 Worker process terminated
2018-04-18 16:11:15 pid:12452 Worker process terminated
2018-04-18 16:11:15 pid:12453 Worker process terminated
2018-04-18 16:11:15 pid:12454 Worker process terminated
2018-04-18 16:11:15 pid:12455 Worker process terminated
2018-04-18 16:11:15 pid:12456 Worker process terminated
2018-04-18 16:11:15 pid:12457 Worker process terminated
2018-04-18 16:11:15 pid:12458 Worker process terminated
2018-04-18 16:11:15 pid:12459 Worker process terminated
2018-04-18 16:11:15 pid:12460 Worker process terminated
2018-04-18 16:11:15 pid:12461 Worker process terminated
2018-04-18 16:11:15 pid:12462 Worker process terminated
2018-04-18 16:11:15 pid:12463 Worker process terminated
2018-04-18 16:11:15 pid:12464 Worker process terminated
2018-04-18 16:11:15 pid:12465 Worker process terminated
2018-04-18 16:11:15 pid:12466 Worker process terminated
2018-04-18 16:11:15 pid:12467 Worker process terminated
2018-04-18 16:11:15 pid:12468 Worker process terminated
2018-04-18 16:11:15 pid:12469 Worker process terminated
2018-04-18 16:11:15 pid:12470 Worker process terminated
2018-04-18 16:11:15 pid:12471 Worker process terminated
2018-04-18 16:11:15 pid:12472 Worker process terminated
2018-04-18 16:11:15 pid:12473 Worker process terminated
2018-04-18 16:11:15 pid:12474 Worker process terminated
2018-04-18 16:11:15 pid:12475 Worker process terminated
2018-04-18 16:11:15 pid:12476 Worker process terminated
2018-04-18 16:11:15 pid:12477 Worker process terminated
2018-04-18 16:11:15 pid:12478 Worker process terminated
2018-04-18 16:11:15 pid:12479 Worker process terminated
2018-04-18 16:11:15 pid:12480 Worker process terminated
2018-04-18 16:11:15 pid:12481 Worker process terminated
2018-04-18 16:11:15 pid:12482 Worker process terminated
2018-04-18 16:11:15 pid:12483 Worker process terminated
2018-04-18 16:11:15 pid:12484 Worker process terminated
2018-04-18 16:11:15 pid:12485 Worker process terminated
2018-04-18 16:11:15 pid:12486 Worker process terminated
2018-04-18 16:11:15 pid:12487 Worker process terminated
2018-04-18 16:11:15 pid:12488 Worker process terminated
2018-04-18 16:11:15 pid:12489 Worker process terminated
2018-04-18 16:11:15 pid:12490 Worker process terminated
2018-04-18 16:11:15 pid:12491 Worker process terminated
2018-04-18 16:11:15 pid:12492 Worker process terminated
2018-04-18 16:11:15 pid:12493 Worker process terminated
2018-04-18 16:11:15 pid:12494 Worker process terminated
2018-04-18 16:11:15 pid:12495 Worker process terminated
2018-04-18 16:11:15 pid:12496 Worker process terminated
2018-04-18 16:11:15 pid:12497 Worker process terminated
2018-04-18 16:11:15 pid:12498 Worker process terminated
2018-04-18 16:11:15 pid:12499 Worker process terminated
2018-04-18 16:11:15 pid:12500 Worker process terminated
2018-04-18 16:11:15 pid:12501 Worker process terminated
2018-04-18 16:11:15 pid:12502 Worker process terminated
2018-04-18 16:11:15 pid:12503 Worker process terminated
2018-04-18 16:11:15 pid:12504 Worker process terminated
2018-04-18 16:11:15 pid:12505 Worker process terminated
2018-04-18 16:11:15 pid:12506 Worker process terminated
2018-04-18 16:11:15 pid:12507 Worker process terminated
2018-04-18 16:11:15 pid:12508 Worker process terminated
2018-04-18 16:11:15 pid:12509 Worker process terminated
2018-04-18 16:11:15 pid:12510 Worker process terminated
2018-04-18 16:11:15 pid:12511 Worker process terminated
2018-04-18 16:11:15 pid:12512 Worker process terminated
2018-04-18 16:11:15 pid:12513 Worker process terminated
2018-04-18 16:11:15 pid:12514 Worker process terminated
2018-04-18 16:11:15 pid:12515 Worker process terminated
2018-04-18 16:11:15 pid:12516 Worker process terminated
2018-04-18 16:11:15 pid:12517 Worker process terminated
2018-04-18 16:11:15 pid:12518 Worker process terminated
2018-04-18 16:11:15 pid:12519 Worker process terminated
2018-04-18 16:11:15 pid:12520 Worker process terminated
2018-04-18 16:11:15 pid:12521 Worker process terminated
2018-04-18 16:11:15 pid:12522 Worker process terminated
2018-04-18 16:11:15 pid:12523 Worker process terminated
2018-04-18 16:11:15 pid:12524 Worker process terminated
2018-04-18 16:11:15 pid:12525 Worker process terminated
2018-04-18 16:11:15 pid:12526 Worker process terminated
2018-04-18 16:11:15 pid:12527 Worker process terminated
2018-04-18 16:11:15 pid:12528 Worker process terminated
2018-04-18 16:11:15 pid:12529 Worker process terminated
2018-04-18 16:11:15 pid:12530 Worker process terminated
2018-04-18 16:11:15 pid:12531 Worker process terminated
2018-04-18 16:11:15 pid:12532 Worker process terminated
2018-04-18 16:11:15 pid:12533 Worker process terminated
2018-04-18 16:11:15 pid:12534 Worker process terminated
2018-04-18 16:11:15 pid:12535 Worker process terminated
2018-04-18 16:11:15 pid:12536 Worker process terminated
2018-04-18 16:11:15 pid:12537 Worker process terminated
2018-04-18 16:11:15 pid:12538 Worker process terminated
2018-04-18 16:11:15 pid:12539 Worker process terminated
2018-04-18 16:11:15 pid:12540 Worker process terminated
2018-04-18 16:11:15 pid:12541 Worker process terminated
2018-04-18 16:11:15 pid:12542 Worker process terminated
2018-04-18 16:11:15 pid:12543 Worker process terminated
2018-04-18 16:11:15 pid:12544 Worker process terminated
2018-04-18 16:11:15 pid:12545 Worker process terminated
2018-04-18 16:11:15 pid:12546 Worker process terminated
2018-04-18 16:11:15 pid:12547 Worker process terminated
2018-04-18 16:11:15 pid:12548 Worker process terminated
2018-04-18 16:11:15 pid:12549 Worker process terminated
2018-04-18 16:11:15 pid:12550 Worker process terminated
2018-04-18 16:11:15 pid:12551 Worker process terminated
2018-04-18 16:11:15 pid:12552 Worker process terminated
2018-04-18 16:11:15 pid:12553 Worker process terminated
2018-04-18 16:11:15 pid:12554 Worker process terminated
2018-04-18 16:11:15 pid:12555 Worker process terminated
2018-04-18 16:11:15 pid:12556 Worker process terminated
2018-04-18 16:11:15 pid:12557 Worker process terminated
2018-04-18 16:11:15 pid:12558 Worker process terminated
2018-04-18 16:11:15 pid:12559 Worker process terminated
2018-04-18 16:11:15 pid:12560 Worker process terminated
2018-04-18 16:11:15 pid:12561 Worker process terminated
2018-04-18 16:11:15 pid:12562 Worker process terminated
2018-04-18 16:11:15 pid:12563 Worker process terminated
2018-04-18 16:11:15 pid:12564 Worker process terminated
2018-04-18 16:11:15 pid:12565 Worker process terminated
2018-04-18 16:11:15 pid:12566 Worker process terminated
2018-04-18 16:11:15 pid:12567 Worker process terminated
2018-04-18 16:11:15 pid:12568 Worker process terminated
2018-04-18 16:11:15 pid:12569 Worker process terminated
2018-04-18 16:11:15 pid:12570 Worker process terminated
2018-04-18 16:11:15 pid:12571 Worker process terminated
2018-04-18 16:11:15 pid:12572 Worker process terminated
2018-04-18 16:11:15 pid:12573 Worker process terminated
2018-04-18 16:11:15 pid:12574 Worker process terminated
2018-04-18 16:11:15 pid:12575 Worker process terminated
2018-04-18 16:11:15 pid:12576 Worker process terminated
2018-04-18 16:11:15 pid:12577 Worker process terminated
2018-04-18 16:11:15 pid:12578 Worker process terminated
2018-04-18 16:11:15 pid:12579 Worker process terminated
2018-04-18 16:11:15 pid:12580 Worker process terminated
2018-04-18 16:11:15 pid:12581 Worker process terminated
2018-04-18 16:11:15 pid:12582 Worker process terminated
2018-04-18 16:11:15 pid:12583 Worker process terminated
2018-04-18 16:11:15 pid:12584 Worker process terminated
2018-04-18 16:11:15 pid:12585 Worker process terminated
2018-04-18 16:11:15 pid:12586 Worker process terminated
2018-04-18 16:11:15 pid:12587 Worker process terminated
2018-04-18 16:11:15 pid:12588 Worker process terminated
2018-04-18 16:11:15 pid:12589 Worker process terminated
2018-04-18 16:11:15 pid:12590 Worker process terminated
2018-04-18 16:11:15 pid:12591 Worker process terminated
2018-04-18 16:11:15 pid:12592 Worker process terminated
2018-04-18 16:11:15 pid:12593 Worker process terminated
2018-04-18 16:11:15 pid:12594 Worker process terminated
2018-04-18 16:11:15 pid:12595 Worker process terminated
2018-04-18 16:11:15 pid:12596 Worker process terminated
2018-04-18 16:11:15 pid:12597 Worker process terminated
2018-04-18 16:11:15 pid:12598 Worker process terminated
2018-04-18 16:11:15 pid:12599 Worker process terminated
2018-04-18 16:11:15 pid:12600 Worker process terminated
2018-04-18 16:11:15 pid:12601 Worker process terminated
2018-04-18 16:11:15 pid:12602 Worker process terminated
2018-04-18 16:11:15 pid:12603 Worker process terminated
2018-04-18 16:11:15 pid:12604 Worker process terminated
2018-04-18 16:11:15 pid:12605 Worker process terminated
2018-04-18 16:11:15 pid:12606 Worker process terminated
2018-04-18 16:11:15 pid:12607 Worker process terminated
2018-04-18 16:11:15 pid:12417 Workerman[http_test.php] stopping ...
2018-04-18 16:11:15 pid:12608 Worker process terminated
2018-04-18 16:11:15 pid:12417 Workerman[http_test.php] has been stopped
2018-04-18 16:14:49 pid:12936 Worker process terminated
2018-04-18 16:14:49 pid:12937 Worker process terminated
2018-04-18 16:14:49 pid:12938 Worker process terminated
2018-04-18 16:14:49 pid:12939 Worker process terminated
2018-04-18 16:14:49 pid:12940 Worker process terminated
2018-04-18 16:14:49 pid:12941 Worker process terminated
2018-04-18 16:14:49 pid:12942 Worker process terminated
2018-04-18 16:14:49 pid:12943 Worker process terminated
2018-04-18 16:14:49 pid:12944 Worker process terminated
2018-04-18 16:14:49 pid:12945 Worker process terminated
2018-04-18 16:14:49 pid:12946 Worker process terminated
2018-04-18 16:14:49 pid:12947 Worker process terminated
2018-04-18 16:14:49 pid:12948 Worker process terminated
2018-04-18 16:14:49 pid:12949 Worker process terminated
2018-04-18 16:14:49 pid:12950 Worker process terminated
2018-04-18 16:14:49 pid:12951 Worker process terminated
2018-04-18 16:14:49 pid:12952 Worker process terminated
2018-04-18 16:14:49 pid:12953 Worker process terminated
2018-04-18 16:14:49 pid:12954 Worker process terminated
2018-04-18 16:14:49 pid:12955 Worker process terminated
2018-04-18 16:14:49 pid:12956 Worker process terminated
2018-04-18 16:14:49 pid:12957 Worker process terminated
2018-04-18 16:14:49 pid:12958 Worker process terminated
2018-04-18 16:14:49 pid:12959 Worker process terminated
2018-04-18 16:14:49 pid:12960 Worker process terminated
2018-04-18 16:14:49 pid:12961 Worker process terminated
2018-04-18 16:14:49 pid:12962 Worker process terminated
2018-04-18 16:14:49 pid:12963 Worker process terminated
2018-04-18 16:14:49 pid:12964 Worker process terminated
2018-04-18 16:14:49 pid:12965 Worker process terminated
2018-04-18 16:14:49 pid:12966 Worker process terminated
2018-04-18 16:14:49 pid:12967 Worker process terminated
2018-04-18 16:14:49 pid:12968 Worker process terminated
2018-04-18 16:14:49 pid:12969 Worker process terminated
2018-04-18 16:14:49 pid:12970 Worker process terminated
2018-04-18 16:14:49 pid:12971 Worker process terminated
2018-04-18 16:14:49 pid:12972 Worker process terminated
2018-04-18 16:14:49 pid:12973 Worker process terminated
2018-04-18 16:14:49 pid:12974 Worker process terminated
2018-04-18 16:14:49 pid:12975 Worker process terminated
2018-04-18 16:14:49 pid:12976 Worker process terminated
2018-04-18 16:14:49 pid:12977 Worker process terminated
2018-04-18 16:14:49 pid:12978 Worker process terminated
2018-04-18 16:14:49 pid:12979 Worker process terminated
2018-04-18 16:14:49 pid:12980 Worker process terminated
2018-04-18 16:14:49 pid:12981 Worker process terminated
2018-04-18 16:14:49 pid:12982 Worker process terminated
2018-04-18 16:14:49 pid:12983 Worker process terminated
2018-04-18 16:14:49 pid:12984 Worker process terminated
2018-04-18 16:14:49 pid:12985 Worker process terminated
2018-04-18 16:14:49 pid:12986 Worker process terminated
2018-04-18 16:14:49 pid:12987 Worker process terminated
2018-04-18 16:14:49 pid:12988 Worker process terminated
2018-04-18 16:14:49 pid:12989 Worker process terminated
2018-04-18 16:14:49 pid:12990 Worker process terminated
2018-04-18 16:14:49 pid:12991 Worker process terminated
2018-04-18 16:14:49 pid:12992 Worker process terminated
2018-04-18 16:14:49 pid:12993 Worker process terminated
2018-04-18 16:14:49 pid:12994 Worker process terminated
2018-04-18 16:14:49 pid:12995 Worker process terminated
2018-04-18 16:14:49 pid:12996 Worker process terminated
2018-04-18 16:14:49 pid:12997 Worker process terminated
2018-04-18 16:14:49 pid:12998 Worker process terminated
2018-04-18 16:14:49 pid:12999 Worker process terminated
2018-04-18 16:14:49 pid:13000 Worker process terminated
2018-04-18 16:14:49 pid:13001 Worker process terminated
2018-04-18 16:14:49 pid:13002 Worker process terminated
2018-04-18 16:14:49 pid:13003 Worker process terminated
2018-04-18 16:14:49 pid:13004 Worker process terminated
2018-04-18 16:14:49 pid:13005 Worker process terminated
2018-04-18 16:14:49 pid:13006 Worker process terminated
2018-04-18 16:14:49 pid:13007 Worker process terminated
2018-04-18 16:14:49 pid:13008 Worker process terminated
2018-04-18 16:14:49 pid:13009 Worker process terminated
2018-04-18 16:14:49 pid:13010 Worker process terminated
2018-04-18 16:14:49 pid:13011 Worker process terminated
2018-04-18 16:14:49 pid:13012 Worker process terminated
2018-04-18 16:14:49 pid:13013 Worker process terminated
2018-04-18 16:14:49 pid:13014 Worker process terminated
2018-04-18 16:14:49 pid:13015 Worker process terminated
2018-04-18 16:14:49 pid:13016 Worker process terminated
2018-04-18 16:14:49 pid:13017 Worker process terminated
2018-04-18 16:14:49 pid:13018 Worker process terminated
2018-04-18 16:14:49 pid:13019 Worker process terminated
2018-04-18 16:14:49 pid:13020 Worker process terminated
2018-04-18 16:14:49 pid:13021 Worker process terminated
2018-04-18 16:14:49 pid:13022 Worker process terminated
2018-04-18 16:14:49 pid:13023 Worker process terminated
2018-04-18 16:14:49 pid:13024 Worker process terminated
2018-04-18 16:14:49 pid:13025 Worker process terminated
2018-04-18 16:14:49 pid:13026 Worker process terminated
2018-04-18 16:14:49 pid:13027 Worker process terminated
2018-04-18 16:14:49 pid:13028 Worker process terminated
2018-04-18 16:14:49 pid:13029 Worker process terminated
2018-04-18 16:14:49 pid:13030 Worker process terminated
2018-04-18 16:14:49 pid:13031 Worker process terminated
2018-04-18 16:14:49 pid:13032 Worker process terminated
2018-04-18 16:14:49 pid:13033 Worker process terminated
2018-04-18 16:14:49 pid:13034 Worker process terminated
2018-04-18 16:14:49 pid:13035 Worker process terminated
2018-04-18 16:14:49 pid:13036 Worker process terminated
2018-04-18 16:14:49 pid:13037 Worker process terminated
2018-04-18 16:14:49 pid:13038 Worker process terminated
2018-04-18 16:14:49 pid:13039 Worker process terminated
2018-04-18 16:14:49 pid:13040 Worker process terminated
2018-04-18 16:14:49 pid:13041 Worker process terminated
2018-04-18 16:14:49 pid:13042 Worker process terminated
2018-04-18 16:14:49 pid:13043 Worker process terminated
2018-04-18 16:14:49 pid:13044 Worker process terminated
2018-04-18 16:14:49 pid:13045 Worker process terminated
2018-04-18 16:14:49 pid:13046 Worker process terminated
2018-04-18 16:14:49 pid:13047 Worker process terminated
2018-04-18 16:14:49 pid:13048 Worker process terminated
2018-04-18 16:14:49 pid:13049 Worker process terminated
2018-04-18 16:14:49 pid:13050 Worker process terminated
2018-04-18 16:14:49 pid:13051 Worker process terminated
2018-04-18 16:14:49 pid:13052 Worker process terminated
2018-04-18 16:14:49 pid:13053 Worker process terminated
2018-04-18 16:14:49 pid:13054 Worker process terminated
2018-04-18 16:14:49 pid:13055 Worker process terminated
2018-04-18 16:14:49 pid:13056 Worker process terminated
2018-04-18 16:14:49 pid:13057 Worker process terminated
2018-04-18 16:14:49 pid:13058 Worker process terminated
2018-04-18 16:14:49 pid:13059 Worker process terminated
2018-04-18 16:14:49 pid:13060 Worker process terminated
2018-04-18 16:14:49 pid:13061 Worker process terminated
2018-04-18 16:14:49 pid:13062 Worker process terminated
2018-04-18 16:14:49 pid:13063 Worker process terminated
2018-04-18 16:14:49 pid:13064 Worker process terminated
2018-04-18 16:14:49 pid:13065 Worker process terminated
2018-04-18 16:14:49 pid:13066 Worker process terminated
2018-04-18 16:14:49 pid:13067 Worker process terminated
2018-04-18 16:14:49 pid:13068 Worker process terminated
2018-04-18 16:14:49 pid:13069 Worker process terminated
2018-04-18 16:14:49 pid:13070 Worker process terminated
2018-04-18 16:14:49 pid:13071 Worker process terminated
2018-04-18 16:14:49 pid:13072 Worker process terminated
2018-04-18 16:14:49 pid:13073 Worker process terminated
2018-04-18 16:14:49 pid:13074 Worker process terminated
2018-04-18 16:14:49 pid:13075 Worker process terminated
2018-04-18 16:14:49 pid:13076 Worker process terminated
2018-04-18 16:14:49 pid:13077 Worker process terminated
2018-04-18 16:14:49 pid:13078 Worker process terminated
2018-04-18 16:14:49 pid:13079 Worker process terminated
2018-04-18 16:14:49 pid:13080 Worker process terminated
2018-04-18 16:14:49 pid:13081 Worker process terminated
2018-04-18 16:14:49 pid:13082 Worker process terminated
2018-04-18 16:14:49 pid:13083 Worker process terminated
2018-04-18 16:14:49 pid:13084 Worker process terminated
2018-04-18 16:14:49 pid:13085 Worker process terminated
2018-04-18 16:14:49 pid:13086 Worker process terminated
2018-04-18 16:14:49 pid:13087 Worker process terminated
2018-04-18 16:14:49 pid:13088 Worker process terminated
2018-04-18 16:14:49 pid:13089 Worker process terminated
2018-04-18 16:14:49 pid:13090 Worker process terminated
2018-04-18 16:14:49 pid:13091 Worker process terminated
2018-04-18 16:14:49 pid:13092 Worker process terminated
2018-04-18 16:14:49 pid:13093 Worker process terminated
2018-04-18 16:14:49 pid:13094 Worker process terminated
2018-04-18 16:14:49 pid:13095 Worker process terminated
2018-04-18 16:14:49 pid:13096 Worker process terminated
2018-04-18 16:14:49 pid:13097 Worker process terminated
2018-04-18 16:14:49 pid:13098 Worker process terminated
2018-04-18 16:14:49 pid:13099 Worker process terminated
2018-04-18 16:14:49 pid:13100 Worker process terminated
2018-04-18 16:14:49 pid:13101 Worker process terminated
2018-04-18 16:14:49 pid:13102 Worker process terminated
2018-04-18 16:14:49 pid:13103 Worker process terminated
2018-04-18 16:14:49 pid:13104 Worker process terminated
2018-04-18 16:14:49 pid:13105 Worker process terminated
2018-04-18 16:14:49 pid:13106 Worker process terminated
2018-04-18 16:14:49 pid:13107 Worker process terminated
2018-04-18 16:14:49 pid:13108 Worker process terminated
2018-04-18 16:14:49 pid:13109 Worker process terminated
2018-04-18 16:14:49 pid:13110 Worker process terminated
2018-04-18 16:14:49 pid:13111 Worker process terminated
2018-04-18 16:14:49 pid:13112 Worker process terminated
2018-04-18 16:14:50 pid:13113 Worker process terminated
2018-04-18 16:14:50 pid:13114 Worker process terminated
2018-04-18 16:14:50 pid:13115 Worker process terminated
2018-04-18 16:14:50 pid:13116 Worker process terminated
2018-04-18 16:14:50 pid:13117 Worker process terminated
2018-04-18 16:14:50 pid:13118 Worker process terminated
2018-04-18 16:14:50 pid:13119 Worker process terminated
2018-04-18 16:14:50 pid:13120 Worker process terminated
2018-04-18 16:14:50 pid:13121 Worker process terminated
2018-04-18 16:14:50 pid:13122 Worker process terminated
2018-04-18 16:14:50 pid:13123 Worker process terminated
2018-04-18 16:14:50 pid:13124 Worker process terminated
2018-04-18 16:14:50 pid:13125 Worker process terminated
2018-04-18 16:14:50 pid:13126 Worker process terminated
2018-04-18 16:14:50 pid:13127 Worker process terminated
2018-04-18 16:14:50 pid:13128 Worker process terminated
2018-04-18 16:14:50 pid:13129 Worker process terminated
2018-04-18 16:14:50 pid:13130 Worker process terminated
2018-04-18 16:14:50 pid:13131 Worker process terminated
2018-04-18 16:14:50 pid:13132 Worker process terminated
2018-04-18 16:14:50 pid:13133 Worker process terminated
2018-04-18 16:14:50 pid:13134 Worker process terminated
2018-04-18 16:14:50 pid:13135 Worker process terminated
2018-04-18 16:14:50 pid:13136 Worker process terminated
2018-04-18 16:14:50 pid:13137 Worker process terminated
2018-04-18 16:14:50 pid:13138 Worker process terminated
2018-04-18 16:14:50 pid:13139 Worker process terminated
2018-04-18 16:14:50 pid:13140 Worker process terminated
2018-04-18 16:14:50 pid:13141 Worker process terminated
2018-04-18 16:14:50 pid:13142 Worker process terminated
2018-04-18 16:14:50 pid:13143 Worker process terminated
2018-04-18 16:14:50 pid:13144 Worker process terminated
2018-04-18 16:14:50 pid:13145 Worker process terminated
2018-04-18 16:14:50 pid:13146 Worker process terminated
2018-04-18 16:14:50 pid:13147 Worker process terminated
2018-04-18 16:14:50 pid:13148 Worker process terminated
2018-04-18 16:14:50 pid:13149 Worker process terminated
2018-04-18 16:14:50 pid:13150 Worker process terminated
2018-04-18 16:14:50 pid:13151 Worker process terminated
2018-04-18 16:14:50 pid:13152 Worker process terminated
2018-04-18 16:14:50 pid:13153 Worker process terminated
2018-04-18 16:14:50 pid:13154 Worker process terminated
2018-04-18 16:14:50 pid:12935 Workerman[http_test.php] stopping ...
2018-04-18 16:14:50 pid:13155 Worker process terminated
2018-04-18 16:14:50 pid:12935 Workerman[http_test.php] has been stopped
2018-04-19 11:02:24 pid:22857 Workerman[http_test.php] stopping ...
2018-04-19 11:02:24 pid:22857 Workerman[http_test.php] has been stopped
2018-04-19 11:02:39 pid:22886 Workerman[http_test.php] stopping ...
2018-04-19 11:02:39 pid:22886 Workerman[http_test.php] has been stopped
